2024-06-25T12:25:09.849+09:00  INFO 11978 --- [helloboot] [restartedMain] com.bs.helloboot.HellobootApplication    : Starting HellobootApplication using Java 17.0.11 with PID 11978 (/Users/donghoon/eclipse-workspace/GD/spring/bootwork/helloboot/target/classes started by donghoon in /Users/donghoon/eclipse-workspace/GD/spring/bootwork/helloboot)
2024-06-25T12:25:09.849+09:00 DEBUG 11978 --- [helloboot] [restartedMain] com.bs.helloboot.HellobootApplication    : Running with Spring Boot v3.2.7, Spring v6.1.10
2024-06-25T12:25:09.849+09:00  INFO 11978 --- [helloboot] [restartedMain] com.bs.helloboot.HellobootApplication    : No active profile set, falling back to 1 default profile: "default"
2024-06-25T12:25:09.965+09:00  INFO 11978 --- [helloboot] [restartedMain] .s.d.r.c.RepositoryConfigurationDelegate : Bootstrapping Spring Data JDBC repositories in DEFAULT mode.
2024-06-25T12:25:09.968+09:00  INFO 11978 --- [helloboot] [restartedMain] .s.d.r.c.RepositoryConfigurationDelegate : Finished Spring Data repository scanning in 1 ms. Found 0 JDBC repository interfaces.
2024-06-25T12:25:09.985+09:00  WARN 11978 --- [helloboot] [restartedMain] o.m.s.mapper.ClassPathMapperScanner      : No MyBatis mapper was found in '[com.bs.helloboot]' package. Please check your configuration.
2024-06-25T12:25:10.036+09:00  INFO 11978 --- [helloboot] [restartedMain] o.s.b.w.embedded.tomcat.TomcatWebServer  : Tomcat initialized with port 9090 (http)
2024-06-25T12:25:10.037+09:00  INFO 11978 --- [helloboot] [restartedMain] o.apache.catalina.core.StandardService   : Starting service [Tomcat]
2024-06-25T12:25:10.037+09:00  INFO 11978 --- [helloboot] [restartedMain] o.apache.catalina.core.StandardEngine    : Starting Servlet engine: [Apache Tomcat/10.1.25]
2024-06-25T12:25:10.075+09:00  INFO 11978 --- [helloboot] [restartedMain] org.apache.jasper.servlet.TldScanner     : At least one JAR was scanned for TLDs yet contained no TLDs. Enable debug logging for this logger for a complete list of JARs that were scanned but no TLDs were found in them. Skipping unneeded JARs during scanning can improve startup time and JSP compilation time.
2024-06-25T12:25:10.076+09:00  INFO 11978 --- [helloboot] [restartedMain] o.a.c.c.C.[Tomcat].[localhost].[/]       : Initializing Spring embedded WebApplicationContext
2024-06-25T12:25:10.076+09:00  INFO 11978 --- [helloboot] [restartedMain] w.s.c.ServletWebServerApplicationContext : Root WebApplicationContext: initialization completed in 225 ms
2024-06-25T12:25:10.122+09:00  INFO 11978 --- [helloboot] [restartedMain] o.s.b.a.w.s.WelcomePageHandlerMapping    : Adding welcome page template: index
2024-06-25T12:25:10.171+09:00  INFO 11978 --- [helloboot] [restartedMain] com.zaxxer.hikari.HikariDataSource       : HikariPool-17 - Starting...
2024-06-25T12:25:10.171+09:00  WARN 11978 --- [helloboot] [restartedMain] c.zaxxer.hikari.util.DriverDataSource    : Registered driver with driverClassName=oracle.jdbc.driver.OracleDriver was not found, trying direct instantiation.
2024-06-25T12:25:11.452+09:00  INFO 11978 --- [helloboot] [restartedMain] com.zaxxer.hikari.pool.HikariPool        : HikariPool-17 - Added connection oracle.jdbc.driver.T4CConnection@157535c9
2024-06-25T12:25:11.453+09:00  INFO 11978 --- [helloboot] [restartedMain] com.zaxxer.hikari.HikariDataSource       : HikariPool-17 - Start completed.
2024-06-25T12:25:11.469+09:00  INFO 11978 --- [helloboot] [restartedMain] o.s.b.d.a.OptionalLiveReloadServer       : LiveReload server is running on port 35729
2024-06-25T12:25:11.477+09:00  INFO 11978 --- [helloboot] [restartedMain] o.s.b.w.embedded.tomcat.TomcatWebServer  : Tomcat started on port 9090 (http) with context path ''
2024-06-25T12:25:11.481+09:00  INFO 11978 --- [helloboot] [restartedMain] com.bs.helloboot.HellobootApplication    : Started HellobootApplication in 1.662 seconds (process running for 1151.545)
2024-06-25T12:25:11.482+09:00  INFO 11978 --- [helloboot] [restartedMain] .ConditionEvaluationDeltaLoggingListener : Condition evaluation unchanged
2024-06-25T12:25:48.707+09:00  INFO 11978 --- [helloboot] [http-nio-9090-exec-1] o.a.c.c.C.[Tomcat].[localhost].[/]       : Initializing Spring DispatcherServlet 'dispatcherServlet'
2024-06-25T12:25:48.709+09:00  INFO 11978 --- [helloboot] [http-nio-9090-exec-1] o.s.web.servlet.DispatcherServlet        : Initializing Servlet 'dispatcherServlet'
2024-06-25T12:25:48.716+09:00  INFO 11978 --- [helloboot] [http-nio-9090-exec-1] o.s.web.servlet.DispatcherServlet        : Completed initialization in 6 ms
2024-06-25T12:26:03.843+09:00  INFO 11978 --- [helloboot] [File Watcher] rtingClassPathChangeChangedEventListener : Restarting due to 1 class path change (0 additions, 0 deletions, 1 modification)
2024-06-25T12:26:03.856+09:00  INFO 11978 --- [helloboot] [Thread-84] com.zaxxer.hikari.HikariDataSource       : HikariPool-17 - Shutdown initiated...
2024-06-25T12:26:05.550+09:00  INFO 11978 --- [helloboot] [Thread-84] com.zaxxer.hikari.HikariDataSource       : HikariPool-17 - Shutdown completed.
